Build started 4/8/2016 1:44:42 PM.
     1>Project "D:\Work\code\opensource\audiotech\audacity-master\win\Projects\portsmf\portsmf.vcxproj" on node 4 (Build target(s)).
     1>ClCompile:
         C:\Program Files (x86)\Microsoft Visual Studio 12.0\VC\bin\CL.exe /c /ZI /nologo /W3 /WX- /Od /Oy- /D WIN32 /D _DEBUG /D _LIB /D _MBCS /GF /Gm- /EHsc /RTC1 /MDd /GS /Gy /fp:precise /Zc:wchar_t /Zc:forScope /Fo"Debug\\" /Fd"Debug\vc120.pdb" /Gd /TP /wd4996 /analyze- /errorReport:prompt "..\..\..\lib-src\portsmf\allegro.cpp" "..\..\..\lib-src\portsmf\allegrord.cpp" "..\..\..\lib-src\portsmf\allegrosmfrd.cpp" "..\..\..\lib-src\portsmf\allegrosmfwr.cpp" "..\..\..\lib-src\portsmf\allegrowr.cpp" "..\..\..\lib-src\portsmf\mfmidi.cpp" "..\..\..\lib-src\portsmf\strparse.cpp"
         allegro.cpp
         allegrord.cpp
         allegrosmfrd.cpp
         allegrosmfwr.cpp
     1>d:\work\code\opensource\audiotech\audacity-master\lib-src\portsmf\allegrosmfwr.cpp(559): warning C4244: '=' : conversion from 'std::streamoff' to 'int', possible loss of data
     1>d:\work\code\opensource\audiotech\audacity-master\lib-src\portsmf\allegrosmfwr.cpp(571): warning C4244: '=' : conversion from 'std::streamoff' to 'int', possible loss of data
         allegrowr.cpp
         mfmidi.cpp
         strparse.cpp
         Generating Code...
       Lib:
         C:\Program Files (x86)\Microsoft Visual Studio 12.0\VC\bin\Lib.exe /OUT:"D:\Work\code\opensource\audiotech\audacity-master\win\Debug\portsmf.lib" /NOLOGO Debug\allegro.obj
         Debug\allegrord.obj
         Debug\allegrosmfrd.obj
         Debug\allegrosmfwr.obj
         Debug\allegrowr.obj
         Debug\mfmidi.obj
         Debug\strparse.obj
         portsmf.vcxproj -> D:\Work\code\opensource\audiotech\audacity-master\win\Debug\portsmf.lib
     1>Done Building Project "D:\Work\code\opensource\audiotech\audacity-master\win\Projects\portsmf\portsmf.vcxproj" (Build target(s)).

Build succeeded.

Time Elapsed 00:00:08.59
