Build started 4/8/2016 1:44:09 PM.
     1>Project "D:\Work\code\opensource\audiotech\audacity-master\win\Projects\libflac\libflac.vcxproj" on node 4 (Build target(s)).
     1>ClCompile:
         C:\Program Files (x86)\Microsoft Visual Studio 12.0\VC\bin\CL.exe /c /I"..\..\..\lib-src\libflac\src\libFLAC\include" /I"..\..\..\lib-src\libflac\include" /ZI /nologo /W3 /WX- /Od /Oy- /D _DEBUG /D _LIB /D WIN32 /D DEBUG /D FLAC__CPU_IA32 /D FLAC__SSE_OS /D FLAC__HAS_X86INTRIN /D FLAC__ALIGN_MALLOC_DATA /D "VERSION=\"1.3.1\"" /D FLAC__NO_DLL /D FLAC__OVERFLOW_DETECT /D _MBCS /GF /Gm- /EHsc /RTC1 /MDd /GS /Gy /fp:precise /Zc:wchar_t /Zc:forScope /Fo"Debug\\" /Fd"Debug\vc120.pdb" /Gd /TC /wd4996 /analyze- /errorReport:prompt "..\..\..\lib-src\libflac\src\libFLAC\bitmath.c" "..\..\..\lib-src\libflac\src\libFLAC\bitreader.c" "..\..\..\lib-src\libflac\src\libFLAC\bitwriter.c" "..\..\..\lib-src\libflac\src\libFLAC\cpu.c" "..\..\..\lib-src\libflac\src\libFLAC\crc.c" "..\..\..\lib-src\libflac\src\libFLAC\fixed.c" "..\..\..\lib-src\libflac\src\libFLAC\fixed_intrin_sse2.c" "..\..\..\lib-src\libflac\src\libFLAC\fixed_intrin_ssse3.c" "..\..\..\lib-src\libflac\src\libFLAC\float.c" "..\..\..\lib-src\libflac\src\libFLAC\format.c" "..\..\..\lib-src\libflac\src\libFLAC\lpc.c" "..\..\..\lib-src\libflac\src\libFLAC\lpc_intrin_avx2.c" "..\..\..\lib-src\libflac\src\libFLAC\lpc_intrin_sse.c" "..\..\..\lib-src\libflac\src\libFLAC\lpc_intrin_sse2.c" "..\..\..\lib-src\libflac\src\libFLAC\lpc_intrin_sse41.c" "..\..\..\lib-src\libflac\src\libFLAC\md5.c" "..\..\..\lib-src\libflac\src\libFLAC\memory.c" "..\..\..\lib-src\libflac\src\libFLAC\metadata_iterators.c" "..\..\..\lib-src\libflac\src\libFLAC\metadata_object.c" "..\..\..\lib-src\libflac\src\libFLAC\stream_decoder.c" "..\..\..\lib-src\libflac\src\libFLAC\stream_encoder.c" "..\..\..\lib-src\libflac\src\libFLAC\stream_encoder_framing.c" "..\..\..\lib-src\libflac\src\libFLAC\stream_encoder_intrin_avx2.c" "..\..\..\lib-src\libflac\src\libFLAC\stream_encoder_intrin_sse2.c" "..\..\..\lib-src\libflac\src\libFLAC\stream_encoder_intrin_ssse3.c" "..\..\..\lib-src\libflac\src\share\win_utf8_io\win_utf8_io.c" "..\..\..\lib-src\libflac\src\libFLAC\window.c"
         bitmath.c
         bitreader.c
         bitwriter.c
         cpu.c
         crc.c
         fixed.c
         fixed_intrin_sse2.c
         fixed_intrin_ssse3.c
         float.c
         format.c
         lpc.c
         lpc_intrin_avx2.c
         lpc_intrin_sse.c
         lpc_intrin_sse2.c
         lpc_intrin_sse41.c
         md5.c
         memory.c
         metadata_iterators.c
     1>d:\work\code\opensource\audiotech\audacity-master\lib-src\libflac\src\libflac\metadata_iterators.c(579): warning C4244: 'return' : conversion from 'const __int64' to 'off_t', possible loss of data
     1>d:\work\code\opensource\audiotech\audacity-master\lib-src\libflac\src\libflac\metadata_iterators.c(1112): warning C4244: '+=' : conversion from 'const __int64' to 'unsigned int', possible loss of data
     1>d:\work\code\opensource\audiotech\audacity-master\lib-src\libflac\src\libflac\metadata_iterators.c(1124): warning C4244: '=' : conversion from '__int64' to 'unsigned int', possible loss of data
     1>d:\work\code\opensource\audiotech\audacity-master\lib-src\libflac\src\libflac\metadata_iterators.c(1147): warning C4244: '-=' : conversion from 'const __int64' to 'unsigned int', possible loss of data
         metadata_object.c
         stream_decoder.c
         Generating Code...
     1>d:\work\code\opensource\audiotech\audacity-master\lib-src\libflac\src\libflac\lpc_intrin_avx2.c(756): warning C4752: found Intel(R) Advanced Vector Extensions; consider using /arch:AVX
     1>d:\work\code\opensource\audiotech\audacity-master\lib-src\libflac\src\libflac\lpc_intrin_avx2.c(401): warning C4752: found Intel(R) Advanced Vector Extensions; consider using /arch:AVX
     1>d:\work\code\opensource\audiotech\audacity-master\lib-src\libflac\src\libflac\lpc_intrin_avx2.c(1115): warning C4752: found Intel(R) Advanced Vector Extensions; consider using /arch:AVX
         Compiling...
         stream_encoder.c
         stream_encoder_framing.c
         stream_encoder_intrin_avx2.c
         stream_encoder_intrin_sse2.c
         stream_encoder_intrin_ssse3.c
         win_utf8_io.c
         window.c
         Generating Code...
     1>d:\work\code\opensource\audiotech\audacity-master\lib-src\libflac\src\libflac\stream_encoder_intrin_avx2.c(138): warning C4752: found Intel(R) Advanced Vector Extensions; consider using /arch:AVX
       Lib:
         C:\Program Files (x86)\Microsoft Visual Studio 12.0\VC\bin\Lib.exe /OUT:"D:\Work\code\opensource\audiotech\audacity-master\win\Debug\libflac.lib" /NOLOGO Debug\bitmath.obj
         Debug\bitreader.obj
         Debug\bitwriter.obj
         Debug\cpu.obj
         Debug\crc.obj
         Debug\fixed.obj
         Debug\fixed_intrin_sse2.obj
         Debug\fixed_intrin_ssse3.obj
         Debug\float.obj
         Debug\format.obj
         Debug\lpc.obj
         Debug\lpc_intrin_avx2.obj
         Debug\lpc_intrin_sse.obj
         Debug\lpc_intrin_sse2.obj
         Debug\lpc_intrin_sse41.obj
         Debug\md5.obj
         Debug\memory.obj
         Debug\metadata_iterators.obj
         Debug\metadata_object.obj
         Debug\stream_decoder.obj
         Debug\stream_encoder.obj
         Debug\stream_encoder_framing.obj
         Debug\stream_encoder_intrin_avx2.obj
         Debug\stream_encoder_intrin_sse2.obj
         Debug\stream_encoder_intrin_ssse3.obj
         Debug\win_utf8_io.obj
         Debug\window.obj
         libflac.vcxproj -> D:\Work\code\opensource\audiotech\audacity-master\win\Debug\libflac.lib
     1>Done Building Project "D:\Work\code\opensource\audiotech\audacity-master\win\Projects\libflac\libflac.vcxproj" (Build target(s)).

Build succeeded.

Time Elapsed 00:00:22.42
