Build started 4/8/2016 1:44:59 PM.
     1>Project "D:\Work\code\opensource\audiotech\audacity-master\win\Projects\expat\expat.vcxproj" on node 2 (Build target(s)).
     1>ClCompile:
         C:\Program Files (x86)\Microsoft Visual Studio 12.0\VC\bin\CL.exe /c /I"..\..\..\lib-src\expat\lib" /ZI /nologo /W3 /WX- /Od /Oy- /D WIN32 /D _DEBUG /D _LIB /D COMPILED_FROM_DSP /D _MBCS /GF /Gm- /EHsc /RTC1 /MDd /GS /Gy /fp:precise /Zc:wchar_t /Zc:forScope /Fo"Debug\\" /Fd"Debug\vc120.pdb" /Gd /TC /wd4996 /analyze- /errorReport:prompt "..\..\..\lib-src\expat\lib\xmlparse.c" "..\..\..\lib-src\expat\lib\xmlrole.c" "..\..\..\lib-src\expat\lib\xmltok.c" "..\..\..\lib-src\expat\lib\xmltok_impl.c" "..\..\..\lib-src\expat\lib\xmltok_ns.c"
         xmlparse.c
         xmlrole.c
         xmltok.c
         xmltok_impl.c
         xmltok_ns.c
         Generating Code...
       Lib:
         C:\Program Files (x86)\Microsoft Visual Studio 12.0\VC\bin\Lib.exe /OUT:"D:\Work\code\opensource\audiotech\audacity-master\win\Debug\expat.lib" /NOLOGO Debug\xmlparse.obj
         Debug\xmlrole.obj
         Debug\xmltok.obj
         Debug\xmltok_impl.obj
         Debug\xmltok_ns.obj
         expat.vcxproj -> D:\Work\code\opensource\audiotech\audacity-master\win\Debug\expat.lib
     1>Done Building Project "D:\Work\code\opensource\audiotech\audacity-master\win\Projects\expat\expat.vcxproj" (Build target(s)).

Build succeeded.

Time Elapsed 00:00:02.89
