Build started 4/8/2016 1:44:09 PM.
     1>Project "D:\Work\code\opensource\audiotech\audacity-master\win\Projects\libid3tag\libid3tag.vcxproj" on node 5 (Build target(s)).
     1>ClCompile:
         C:\Program Files (x86)\Microsoft Visual Studio 12.0\VC\bin\CL.exe /c /I\src\zlib /ZI /nologo /W3 /WX- /Od /Oy- /D WIN32 /D _DEBUG /D _LIB /D _MBCS /GF /Gm- /EHsc /RTC1 /MDd /GS /Gy /fp:precise /Zc:wchar_t /Zc:forScope /Fo"Debug\\" /Fd"Debug\vc120.pdb" /Gd /TC /wd4996 /analyze- /errorReport:prompt "..\..\..\lib-src\libid3tag\compat.c" "..\..\..\lib-src\libid3tag\crc.c" "..\..\..\lib-src\libid3tag\debug.c" "..\..\..\lib-src\libid3tag\field.c" "..\..\..\lib-src\libid3tag\file.c" "..\..\..\lib-src\libid3tag\frame.c" "..\..\..\lib-src\libid3tag\frametype.c" "..\..\..\lib-src\libid3tag\genre.c" "..\..\..\lib-src\libid3tag\latin1.c" "..\..\..\lib-src\libid3tag\parse.c" "..\..\..\lib-src\libid3tag\render.c" "..\..\..\lib-src\libid3tag\tag.c" "..\..\..\lib-src\libid3tag\ucs4.c" "..\..\..\lib-src\libid3tag\utf16.c" "..\..\..\lib-src\libid3tag\utf8.c" "..\..\..\lib-src\libid3tag\util.c" "..\..\..\lib-src\libid3tag\version.c"
         compat.c
         crc.c
         debug.c
         field.c
     1>d:\work\code\opensource\audiotech\audacity-master\lib-src\libid3tag\field.c(429): warning C4146: unary minus operator applied to unsigned type, result still unsigned
         file.c
     1>d:\work\code\opensource\audiotech\audacity-master\lib-src\libid3tag\file.c(466): warning C4013: 'dup' undefined; assuming extern returning int
     1>d:\work\code\opensource\audiotech\audacity-master\lib-src\libid3tag\file.c(470): warning C4013: 'dup2' undefined; assuming extern returning int
     1>d:\work\code\opensource\audiotech\audacity-master\lib-src\libid3tag\file.c(471): warning C4013: 'close' undefined; assuming extern returning int
         frame.c
     1>d:\work\code\opensource\audiotech\audacity-master\lib-src\libid3tag\frame.c(288): warning C4018: '>' : signed/unsigned mismatch
     1>d:\work\code\opensource\audiotech\audacity-master\lib-src\libid3tag\frame.c(305): warning C4018: '>' : signed/unsigned mismatch
     1>d:\work\code\opensource\audiotech\audacity-master\lib-src\libid3tag\frame.c(373): warning C4018: '>' : signed/unsigned mismatch
         frametype.c
         genre.c
         latin1.c
     1>d:\work\code\opensource\audiotech\audacity-master\lib-src\libid3tag\latin1.c(115): warning C4244: '=' : conversion from 'id3_ucs4_t' to 'id3_latin1_t', possible loss of data
         parse.c
         render.c
     1>d:\work\code\opensource\audiotech\audacity-master\lib-src\libid3tag\render.c(90): warning C4244: '=' : conversion from 'long' to 'id3_byte_t', possible loss of data
     1>d:\work\code\opensource\audiotech\audacity-master\lib-src\libid3tag\render.c(91): warning C4244: '=' : conversion from 'long' to 'id3_byte_t', possible loss of data
     1>d:\work\code\opensource\audiotech\audacity-master\lib-src\libid3tag\render.c(92): warning C4244: '=' : conversion from 'long' to 'id3_byte_t', possible loss of data
         tag.c
     1>d:\work\code\opensource\audiotech\audacity-master\lib-src\libid3tag\tag.c(311): warning C4146: unary minus operator applied to unsigned type, result still unsigned
     1>d:\work\code\opensource\audiotech\audacity-master\lib-src\libid3tag\tag.c(481): warning C4018: '>' : signed/unsigned mismatch
     1>d:\work\code\opensource\audiotech\audacity-master\lib-src\libid3tag\tag.c(496): warning C4018: '>' : signed/unsigned mismatch
     1>d:\work\code\opensource\audiotech\audacity-master\lib-src\libid3tag\tag.c(530): warning C4018: '>' : signed/unsigned mismatch
     1>d:\work\code\opensource\audiotech\audacity-master\lib-src\libid3tag\tag.c(537): warning C4018: '>' : signed/unsigned mismatch
     1>d:\work\code\opensource\audiotech\audacity-master\lib-src\libid3tag\tag.c(555): warning C4018: '>' : signed/unsigned mismatch
         ucs4.c
         utf16.c
     1>d:\work\code\opensource\audiotech\audacity-master\lib-src\libid3tag\utf16.c(117): warning C4244: '=' : conversion from 'id3_ucs4_t' to 'id3_utf16_t', possible loss of data
         utf8.c
     1>d:\work\code\opensource\audiotech\audacity-master\lib-src\libid3tag\utf8.c(215): warning C4244: '=' : conversion from 'id3_ucs4_t' to 'id3_utf8_t', possible loss of data
         util.c
     1>d:\work\code\opensource\audiotech\audacity-master\lib-src\libid3tag\util.c(29): fatal error C1083: Cannot open include file: 'zlib.h': No such file or directory
         version.c
         Generating Code...
     1>Done Building Project "D:\Work\code\opensource\audiotech\audacity-master\win\Projects\libid3tag\libid3tag.vcxproj" (Build target(s)) -- FAILED.

Build FAILED.

Time Elapsed 00:00:04.30
