Build started 4/8/2016 1:44:51 PM.
     1>Project "D:\Work\code\opensource\audiotech\audacity-master\win\Projects\libscorealign\libscorealign.vcxproj" on node 3 (Build target(s)).
     1>ClCompile:
         C:\Program Files (x86)\Microsoft Visual Studio 12.0\VC\bin\CL.exe /c /I"..\..\..\lib-src\portsmf" /ZI /nologo /W3 /WX- /Od /Oy- /D WIN32 /D _DEBUG /D _LIB /D _MBCS /GF /Gm- /EHsc /RTC1 /MDd /GS /Gy /fp:precise /Zc:wchar_t /Zc:forScope /Fo"Debug\\" /Fd"Debug\vc120.pdb" /Gd /TP /wd4996 /analyze- /errorReport:prompt "..\..\..\lib-src\libscorealign\audioreader.cpp" "..\..\..\lib-src\libscorealign\comp_chroma.cpp" "..\..\..\lib-src\libscorealign\curvefit.cpp" "..\..\..\lib-src\libscorealign\fft3\FFT3.cpp" "..\..\..\lib-src\libscorealign\gen_chroma.cpp" "..\..\..\lib-src\libscorealign\hillclimb.cpp" "..\..\..\lib-src\libscorealign\regression.cpp" "..\..\..\lib-src\libscorealign\sautils.cpp" "..\..\..\lib-src\libscorealign\scorealign.cpp"
         audioreader.cpp
         comp_chroma.cpp
         curvefit.cpp
         FFT3.cpp
         gen_chroma.cpp
         hillclimb.cpp
         regression.cpp
         sautils.cpp
         scorealign.cpp
         Generating Code...
     1>d:\work\code\opensource\audiotech\audacity-master\lib-src\libscorealign\curvefit.cpp(200): warning C4715: 'Curvefit::distance_xy' : not all control paths return a value
       Lib:
         C:\Program Files (x86)\Microsoft Visual Studio 12.0\VC\bin\Lib.exe /OUT:"D:\Work\code\opensource\audiotech\audacity-master\win\Debug\libscorealign.lib" /NOLOGO Debug\audioreader.obj
         Debug\comp_chroma.obj
         Debug\curvefit.obj
         Debug\FFT3.obj
         Debug\gen_chroma.obj
         Debug\hillclimb.obj
         Debug\regression.obj
         Debug\sautils.obj
         Debug\scorealign.obj
         libscorealign.vcxproj -> D:\Work\code\opensource\audiotech\audacity-master\win\Debug\libscorealign.lib
     1>Done Building Project "D:\Work\code\opensource\audiotech\audacity-master\win\Projects\libscorealign\libscorealign.vcxproj" (Build target(s)).

Build succeeded.

Time Elapsed 00:00:04.74
