Build started 4/8/2016 1:44:13 PM.
     1>Project "D:\Work\code\opensource\audiotech\audacity-master\win\Projects\libmad\libmad.vcxproj" on node 2 (Build target(s)).
     1>ClCompile:
         C:\Program Files (x86)\Microsoft Visual Studio 12.0\VC\bin\CL.exe /c /I"..\..\..\lib-src\libmad\msvc++" /ZI /nologo /W3 /WX- /Od /Oy- /D _DEBUG /D __WX__ /D WIN32 /D _WINDOWS /D __WINDOWS__ /D __WXMSW__ /D __WIN95__ /D __WIN32__ /D _LIB /D HAVE_CONFIG_H /D FPM_INTEL /D _MBCS /GF /Gm- /EHsc /RTC1 /MDd /GS /Gy /fp:precise /Zc:wchar_t /Zc:forScope /Fo"Debug\\" /Fd"Debug\vc120.pdb" /Gd /TC /wd4996 /analyze- /errorReport:prompt "..\..\..\lib-src\libmad\bit.c" "..\..\..\lib-src\libmad\decoder.c" "..\..\..\lib-src\libmad\fixed.c" "..\..\..\lib-src\libmad\frame.c" "..\..\..\lib-src\libmad\huffman.c" "..\..\..\lib-src\libmad\layer12.c" "..\..\..\lib-src\libmad\layer3.c" "..\..\..\lib-src\libmad\stream.c" "..\..\..\lib-src\libmad\synth.c" "..\..\..\lib-src\libmad\timer.c" "..\..\..\lib-src\libmad\version.c"
         bit.c
         decoder.c
         fixed.c
     1>d:\work\code\opensource\audiotech\audacity-master\lib-src\libmad\fixed.c(63): warning C4146: unary minus operator applied to unsigned type, result still unsigned
         frame.c
     1>d:\work\code\opensource\audiotech\audacity-master\lib-src\libmad\frame.c(229): warning C4244: '=' : conversion from 'unsigned long' to 'unsigned short', possible loss of data
     1>d:\work\code\opensource\audiotech\audacity-master\lib-src\libmad\frame.c(318): warning C4018: '<' : signed/unsigned mismatch
     1>d:\work\code\opensource\audiotech\audacity-master\lib-src\libmad\frame.c(403): warning C4018: '>' : signed/unsigned mismatch
         huffman.c
         layer12.c
     1>d:\work\code\opensource\audiotech\audacity-master\lib-src\libmad\layer12.c(164): warning C4244: '=' : conversion from 'unsigned long' to 'unsigned char', possible loss of data
     1>d:\work\code\opensource\audiotech\audacity-master\lib-src\libmad\layer12.c(408): warning C4244: '=' : conversion from 'unsigned long' to 'unsigned char', possible loss of data
     1>d:\work\code\opensource\audiotech\audacity-master\lib-src\libmad\layer12.c(415): warning C4244: '=' : conversion from 'unsigned long' to 'unsigned char', possible loss of data
     1>d:\work\code\opensource\audiotech\audacity-master\lib-src\libmad\layer12.c(423): warning C4244: '=' : conversion from 'unsigned long' to 'unsigned char', possible loss of data
     1>d:\work\code\opensource\audiotech\audacity-master\lib-src\libmad\layer12.c(446): warning C4244: '=' : conversion from 'unsigned long' to 'unsigned char', possible loss of data
     1>d:\work\code\opensource\audiotech\audacity-master\lib-src\libmad\layer12.c(456): warning C4244: '=' : conversion from 'unsigned long' to 'unsigned char', possible loss of data
     1>d:\work\code\opensource\audiotech\audacity-master\lib-src\libmad\layer12.c(461): warning C4244: '=' : conversion from 'unsigned long' to 'unsigned char', possible loss of data
         layer3.c
     1>d:\work\code\opensource\audiotech\audacity-master\lib-src\libmad\layer3.c(527): warning C4244: '=' : conversion from 'unsigned long' to 'unsigned char', possible loss of data
     1>d:\work\code\opensource\audiotech\audacity-master\lib-src\libmad\layer3.c(536): warning C4244: '=' : conversion from 'unsigned long' to 'unsigned short', possible loss of data
     1>d:\work\code\opensource\audiotech\audacity-master\lib-src\libmad\layer3.c(537): warning C4244: '=' : conversion from 'unsigned long' to 'unsigned short', possible loss of data
     1>d:\work\code\opensource\audiotech\audacity-master\lib-src\libmad\layer3.c(538): warning C4244: '=' : conversion from 'unsigned long' to 'unsigned short', possible loss of data
     1>d:\work\code\opensource\audiotech\audacity-master\lib-src\libmad\layer3.c(539): warning C4244: '=' : conversion from 'unsigned long' to 'unsigned short', possible loss of data
     1>d:\work\code\opensource\audiotech\audacity-master\lib-src\libmad\layer3.c(550): warning C4244: '=' : conversion from 'unsigned long' to 'unsigned char', possible loss of data
     1>d:\work\code\opensource\audiotech\audacity-master\lib-src\libmad\layer3.c(567): warning C4244: '=' : conversion from 'unsigned long' to 'unsigned char', possible loss of data
     1>d:\work\code\opensource\audiotech\audacity-master\lib-src\libmad\layer3.c(574): warning C4244: '=' : conversion from 'unsigned long' to 'unsigned char', possible loss of data
     1>d:\work\code\opensource\audiotech\audacity-master\lib-src\libmad\layer3.c(580): warning C4244: '=' : conversion from 'unsigned long' to 'unsigned char', possible loss of data
     1>d:\work\code\opensource\audiotech\audacity-master\lib-src\libmad\layer3.c(582): warning C4244: '=' : conversion from 'unsigned long' to 'unsigned char', possible loss of data
     1>d:\work\code\opensource\audiotech\audacity-master\lib-src\libmad\layer3.c(583): warning C4244: '=' : conversion from 'unsigned long' to 'unsigned char', possible loss of data
     1>d:\work\code\opensource\audiotech\audacity-master\lib-src\libmad\layer3.c(648): warning C4244: '=' : conversion from 'unsigned long' to 'unsigned char', possible loss of data
     1>d:\work\code\opensource\audiotech\audacity-master\lib-src\libmad\layer3.c(732): warning C4244: '=' : conversion from 'unsigned long' to 'unsigned char', possible loss of data
     1>d:\work\code\opensource\audiotech\audacity-master\lib-src\libmad\layer3.c(736): warning C4244: '=' : conversion from 'unsigned long' to 'unsigned char', possible loss of data
     1>d:\work\code\opensource\audiotech\audacity-master\lib-src\libmad\layer3.c(749): warning C4244: '=' : conversion from 'unsigned long' to 'unsigned char', possible loss of data
     1>d:\work\code\opensource\audiotech\audacity-master\lib-src\libmad\layer3.c(758): warning C4244: '=' : conversion from 'unsigned long' to 'unsigned char', possible loss of data
     1>d:\work\code\opensource\audiotech\audacity-master\lib-src\libmad\layer3.c(767): warning C4244: '=' : conversion from 'unsigned long' to 'unsigned char', possible loss of data
     1>d:\work\code\opensource\audiotech\audacity-master\lib-src\libmad\layer3.c(776): warning C4244: '=' : conversion from 'unsigned long' to 'unsigned char', possible loss of data
     1>d:\work\code\opensource\audiotech\audacity-master\lib-src\libmad\layer3.c(1056): warning C4018: '<' : signed/unsigned mismatch
     1>d:\work\code\opensource\audiotech\audacity-master\lib-src\libmad\layer3.c(1091): warning C4018: '<' : signed/unsigned mismatch
     1>d:\work\code\opensource\audiotech\audacity-master\lib-src\libmad\layer3.c(2636): warning C4018: '>' : signed/unsigned mismatch
         stream.c
         synth.c
     1>d:\work\code\opensource\audiotech\audacity-master\lib-src\libmad\synth.c(599): warning C4146: unary minus operator applied to unsigned type, result still unsigned
     1>d:\work\code\opensource\audiotech\audacity-master\lib-src\libmad\synth.c(630): warning C4146: unary minus operator applied to unsigned type, result still unsigned
     1>d:\work\code\opensource\audiotech\audacity-master\lib-src\libmad\synth.c(736): warning C4146: unary minus operator applied to unsigned type, result still unsigned
     1>d:\work\code\opensource\audiotech\audacity-master\lib-src\libmad\synth.c(768): warning C4146: unary minus operator applied to unsigned type, result still unsigned
         timer.c
         version.c
         Generating Code...
       Lib:
         C:\Program Files (x86)\Microsoft Visual Studio 12.0\VC\bin\Lib.exe /OUT:"D:\Work\code\opensource\audiotech\audacity-master\win\Debug\libmad.lib" /NOLOGO Debug\bit.obj
         Debug\decoder.obj
         Debug\fixed.obj
         Debug\frame.obj
         Debug\huffman.obj
         Debug\layer12.obj
         Debug\layer3.obj
         Debug\stream.obj
         Debug\synth.obj
         Debug\timer.obj
         Debug\version.obj
         libmad.vcxproj -> D:\Work\code\opensource\audiotech\audacity-master\win\Debug\libmad.lib
     1>Done Building Project "D:\Work\code\opensource\audiotech\audacity-master\win\Projects\libmad\libmad.vcxproj" (Build target(s)).

Build succeeded.

Time Elapsed 00:00:04.42
