Build started 4/8/2016 1:44:17 PM.
     1>Project "D:\Work\code\opensource\audiotech\audacity-master\win\Projects\libsndfile\libsndfile.vcxproj" on node 4 (Build target(s)).
     1>ClCompile:
         C:\Program Files (x86)\Microsoft Visual Studio 12.0\VC\bin\CL.exe /c /I. /I"..\..\..\lib-src\libsndfile\include" /I"..\..\..\lib-src\libsndfile\src" /I"..\..\..\lib-src\ffmpeg\win32" /ZI /nologo /W3 /WX- /Od /Oy- /D WIN32 /D _DEBUG /D _LIB /D inline=__inline /D LIBSNDFILE_PRIVATE_CONFIG /D _MBCS /GF /Gm- /EHsc /RTC1 /MDd /GS /Gy /fp:precise /Zc:wchar_t /Zc:forScope /Fo"Debug\\" /Fd"Debug\vc120.pdb" /Gd /TC /wd4996 /analyze- /errorReport:prompt "..\..\..\lib-src\libsndfile\src\aiff.c" "..\..\..\lib-src\libsndfile\src\alaw.c" "..\..\..\lib-src\libsndfile\src\au.c" "..\..\..\lib-src\libsndfile\src\audio_detect.c" "..\..\..\lib-src\libsndfile\src\avr.c" "..\..\..\lib-src\libsndfile\src\broadcast.c" "..\..\..\lib-src\libsndfile\src\caf.c" "..\..\..\lib-src\libsndfile\src\chanmap.c" "..\..\..\lib-src\libsndfile\src\chunk.c" "..\..\..\lib-src\libsndfile\src\command.c" "..\..\..\lib-src\libsndfile\src\common.c" "..\..\..\lib-src\libsndfile\src\dither.c" "..\..\..\lib-src\libsndfile\src\double64.c" "..\..\..\lib-src\libsndfile\src\dwd.c" "..\..\..\lib-src\libsndfile\src\dwvw.c" "..\..\..\lib-src\libsndfile\src\file_io.c" "..\..\..\lib-src\libsndfile\src\flac.c" "..\..\..\lib-src\libsndfile\src\float32.c" "..\..\..\lib-src\libsndfile\src\g72x.c" "..\..\..\lib-src\libsndfile\src\gsm610.c" "..\..\..\lib-src\libsndfile\src\htk.c" "..\..\..\lib-src\libsndfile\src\id3.c" "..\..\..\lib-src\libsndfile\src\ima_adpcm.c" "..\..\..\lib-src\libsndfile\src\ima_oki_adpcm.c" "..\..\..\lib-src\libsndfile\src\interleave.c" "..\..\..\lib-src\libsndfile\src\ircam.c" "..\..\..\lib-src\libsndfile\src\macbinary3.c" "..\..\..\lib-src\libsndfile\src\macos.c" "..\..\..\lib-src\libsndfile\src\mat4.c" "..\..\..\lib-src\libsndfile\src\mat5.c" "..\..\..\lib-src\libsndfile\src\mpc2k.c" "..\..\..\lib-src\libsndfile\src\ms_adpcm.c" "..\..\..\lib-src\libsndfile\src\nist.c" "..\..\..\lib-src\libsndfile\src\ogg.c" "..\..\..\lib-src\libsndfile\src\paf.c" "..\..\..\lib-src\libsndfile\src\pcm.c" "..\..\..\lib-src\libsndfile\src\pvf.c" "..\..\..\lib-src\libsndfile\src\raw.c" "..\..\..\lib-src\libsndfile\src\rf64.c" "..\..\..\lib-src\libsndfile\src\rx2.c" "..\..\..\lib-src\libsndfile\src\sd2.c" "..\..\..\lib-src\libsndfile\src\sds.c" "..\..\..\lib-src\libsndfile\src\sndfile.c" "..\..\..\lib-src\libsndfile\src\strings.c" "..\..\..\lib-src\libsndfile\src\svx.c" "..\..\..\lib-src\libsndfile\src\txw.c" "..\..\..\lib-src\libsndfile\src\ulaw.c" "..\..\..\lib-src\libsndfile\src\voc.c" "..\..\..\lib-src\libsndfile\src\vox_adpcm.c" "..\..\..\lib-src\libsndfile\src\w64.c" "..\..\..\lib-src\libsndfile\src\wav.c" "..\..\..\lib-src\libsndfile\src\wav_w64.c" "..\..\..\lib-src\libsndfile\src\wve.c" "..\..\..\lib-src\libsndfile\src\xi.c" "..\..\..\lib-src\libsndfile\src\G72x\g721.c" "..\..\..\lib-src\libsndfile\src\G72x\g723_16.c" "..\..\..\lib-src\libsndfile\src\G72x\g723_24.c" "..\..\..\lib-src\libsndfile\src\G72x\g723_40.c" "..\..\..\lib-src\libsndfile\src\GSM610\add.c" "..\..\..\lib-src\libsndfile\src\GSM610\code.c" "..\..\..\lib-src\libsndfile\src\GSM610\decode.c" "..\..\..\lib-src\libsndfile\src\GSM610\gsm_create.c" "..\..\..\lib-src\libsndfile\src\GSM610\gsm_decode.c" "..\..\..\lib-src\libsndfile\src\GSM610\gsm_destroy.c" "..\..\..\lib-src\libsndfile\src\GSM610\gsm_encode.c" "..\..\..\lib-src\libsndfile\src\GSM610\gsm_option.c" "..\..\..\lib-src\libsndfile\src\GSM610\long_term.c" "..\..\..\lib-src\libsndfile\src\GSM610\lpc.c" "..\..\..\lib-src\libsndfile\src\GSM610\preprocess.c" "..\..\..\lib-src\libsndfile\src\GSM610\rpe.c" "..\..\..\lib-src\libsndfile\src\GSM610\short_term.c" "..\..\..\lib-src\libsndfile\src\GSM610\table.c"
         aiff.c
         alaw.c
         au.c
         audio_detect.c
         avr.c
         broadcast.c
         caf.c
         chanmap.c
         chunk.c
         command.c
         common.c
         dither.c
         double64.c
         dwd.c
         dwvw.c
         file_io.c
         flac.c
         float32.c
         g72x.c
         gsm610.c
         Generating Code...
         Compiling...
         htk.c
         id3.c
         ima_adpcm.c
         ima_oki_adpcm.c
         interleave.c
         ircam.c
         macbinary3.c
         macos.c
         mat4.c
         mat5.c
         mpc2k.c
         ms_adpcm.c
         nist.c
         ogg.c
         paf.c
         pcm.c
         pvf.c
         raw.c
         rf64.c
         rx2.c
         Generating Code...
         Compiling...
         sd2.c
         sds.c
         sndfile.c
         strings.c
         svx.c
         txw.c
         ulaw.c
         voc.c
         vox_adpcm.c
         w64.c
         wav.c
         wav_w64.c
         wve.c
         xi.c
         g721.c
         g723_16.c
         g723_24.c
         g723_40.c
         add.c
         code.c
         Generating Code...
         Compiling...
         decode.c
         gsm_create.c
         gsm_decode.c
         gsm_destroy.c
         gsm_encode.c
         gsm_option.c
         long_term.c
     1>d:\work\code\opensource\audiotech\audacity-master\lib-src\libsndfile\src\gsm610\long_term.c(586): warning C4244: '=' : conversion from 'float' to 'longword', possible loss of data
     1>d:\work\code\opensource\audiotech\audacity-master\lib-src\libsndfile\src\gsm610\long_term.c(587): warning C4244: '=' : conversion from 'float' to 'longword', possible loss of data
     1>d:\work\code\opensource\audiotech\audacity-master\lib-src\libsndfile\src\gsm610\long_term.c(588): warning C4244: '=' : conversion from 'float' to 'longword', possible loss of data
     1>d:\work\code\opensource\audiotech\audacity-master\lib-src\libsndfile\src\gsm610\long_term.c(589): warning C4244: '=' : conversion from 'float' to 'longword', possible loss of data
     1>d:\work\code\opensource\audiotech\audacity-master\lib-src\libsndfile\src\gsm610\long_term.c(590): warning C4244: '=' : conversion from 'float' to 'longword', possible loss of data
     1>d:\work\code\opensource\audiotech\audacity-master\lib-src\libsndfile\src\gsm610\long_term.c(591): warning C4244: '=' : conversion from 'float' to 'longword', possible loss of data
     1>d:\work\code\opensource\audiotech\audacity-master\lib-src\libsndfile\src\gsm610\long_term.c(592): warning C4244: '=' : conversion from 'float' to 'longword', possible loss of data
     1>d:\work\code\opensource\audiotech\audacity-master\lib-src\libsndfile\src\gsm610\long_term.c(593): warning C4244: '=' : conversion from 'float' to 'longword', possible loss of data
     1>d:\work\code\opensource\audiotech\audacity-master\lib-src\libsndfile\src\gsm610\long_term.c(594): warning C4244: '=' : conversion from 'float' to 'longword', possible loss of data
     1>d:\work\code\opensource\audiotech\audacity-master\lib-src\libsndfile\src\gsm610\long_term.c(835): warning C4244: '=' : conversion from 'double' to 'int', possible loss of data
         lpc.c
     1>d:\work\code\opensource\audiotech\audacity-master\lib-src\libsndfile\src\gsm610\lpc.c(163): warning C4244: '=' : conversion from 'float' to 'longword', possible loss of data
         preprocess.c
         rpe.c
         short_term.c
     1>d:\work\code\opensource\audiotech\audacity-master\lib-src\libsndfile\src\gsm610\short_term.c(248): warning C4244: '=' : conversion from 'float' to 'word', possible loss of data
     1>d:\work\code\opensource\audiotech\audacity-master\lib-src\libsndfile\src\gsm610\short_term.c(250): warning C4244: '=' : conversion from 'float' to 'word', possible loss of data
     1>d:\work\code\opensource\audiotech\audacity-master\lib-src\libsndfile\src\gsm610\short_term.c(327): warning C4244: '=' : conversion from 'float' to 'word', possible loss of data
     1>d:\work\code\opensource\audiotech\audacity-master\lib-src\libsndfile\src\gsm610\short_term.c(329): warning C4244: '=' : conversion from 'float' to 'word', possible loss of data
         table.c
         Generating Code...
         C:\Program Files (x86)\Microsoft Visual Studio 12.0\VC\bin\CL.exe /c /I. /I"..\..\..\lib-src\libsndfile\include" /I"..\..\..\lib-src\libsndfile\src" /I"..\..\..\lib-src\ffmpeg\win32" /ZI /nologo /W3 /WX- /Od /Oy- /D WIN32 /D _DEBUG /D _LIB /D inline=__inline /D LIBSNDFILE_PRIVATE_CONFIG /D _MBCS /GF /Gm- /EHsc /RTC1 /MDd /GS /Gy /fp:precise /Zc:wchar_t /Zc:forScope /Fo"Debug\g72x_g72x.obj" /Fd"Debug\vc120.pdb" /Gd /TC /wd4996 /analyze- /errorReport:prompt "..\..\..\lib-src\libsndfile\src\G72x\g72x.c"
         g72x.c
     1>d:\work\code\opensource\audiotech\audacity-master\lib-src\libsndfile\src\g72x\g72x.c(433): warning C4244: '=' : conversion from 'long' to 'short', possible loss of data
       Lib:
         C:\Program Files (x86)\Microsoft Visual Studio 12.0\VC\bin\Lib.exe /OUT:"D:\Work\code\opensource\audiotech\audacity-master\win\Debug\libsndfile.lib" /NOLOGO Debug\aiff.obj
         Debug\alaw.obj
         Debug\au.obj
         Debug\audio_detect.obj
         Debug\avr.obj
         Debug\broadcast.obj
         Debug\caf.obj
         Debug\chanmap.obj
         Debug\chunk.obj
         Debug\command.obj
         Debug\common.obj
         Debug\dither.obj
         Debug\double64.obj
         Debug\dwd.obj
         Debug\dwvw.obj
         Debug\file_io.obj
         Debug\flac.obj
         Debug\float32.obj
         Debug\g72x.obj
         Debug\gsm610.obj
         Debug\htk.obj
         Debug\id3.obj
         Debug\ima_adpcm.obj
         Debug\ima_oki_adpcm.obj
         Debug\interleave.obj
         Debug\ircam.obj
         Debug\macbinary3.obj
         Debug\macos.obj
         Debug\mat4.obj
         Debug\mat5.obj
         Debug\mpc2k.obj
         Debug\ms_adpcm.obj
         Debug\nist.obj
         Debug\ogg.obj
         Debug\paf.obj
         Debug\pcm.obj
         Debug\pvf.obj
         Debug\raw.obj
         Debug\rf64.obj
         Debug\rx2.obj
         Debug\sd2.obj
         Debug\sds.obj
         Debug\sndfile.obj
         Debug\strings.obj
         Debug\svx.obj
         Debug\txw.obj
         Debug\ulaw.obj
         Debug\voc.obj
         Debug\vox_adpcm.obj
         Debug\w64.obj
         Debug\wav.obj
         Debug\wav_w64.obj
         Debug\wve.obj
         Debug\xi.obj
         Debug\g721.obj
         Debug\g723_16.obj
         Debug\g723_24.obj
         Debug\g723_40.obj
         Debug\add.obj
         Debug\code.obj
         Debug\decode.obj
         Debug\gsm_create.obj
         Debug\gsm_decode.obj
         Debug\gsm_destroy.obj
         Debug\gsm_encode.obj
         Debug\gsm_option.obj
         Debug\long_term.obj
         Debug\lpc.obj
         Debug\preprocess.obj
         Debug\rpe.obj
         Debug\short_term.obj
         Debug\table.obj
         Debug\g72x_g72x.obj
         libsndfile.vcxproj -> D:\Work\code\opensource\audiotech\audacity-master\win\Debug\libsndfile.lib
     1>Done Building Project "D:\Work\code\opensource\audiotech\audacity-master\win\Projects\libsndfile\libsndfile.vcxproj" (Build target(s)).

Build succeeded.

Time Elapsed 00:00:15.96
