Build started 4/8/2016 1:44:20 PM.
     1>Project "D:\Work\code\opensource\audiotech\audacity-master\win\Projects\portmixer\portmixer.vcxproj" on node 2 (Build target(s)).
     1>PreBuildEvent:
         setlocal EnableDelayedExpansion
         set CFG="D:\Work\code\opensource\audiotech\audacity-master\win\Projects\portmixer\/Debug\config.h"
         
         echo // Automatically generated file >"!CFG!"
         echo #define PX_USE_WIN_DSOUND 1 >>"!CFG!"
         echo #define PX_USE_WIN_MME 1 >>"!CFG!"
         echo #define PX_USE_WIN_WASAPI 1 >>"!CFG!"
         
         :VCEnd
       ClCompile:
         C:\Program Files (x86)\Microsoft Visual Studio 12.0\VC\bin\CL.exe /c /I"..\..\..\lib-src\portmixer\include" /I"..\..\..\lib-src\portaudio-v19\include" /ZI /nologo /W3 /WX- /Od /Oy- /D WIN32 /D _DEBUG /D _LIB /D _MBCS /GF /Gm- /EHsc /RTC1 /MDd /GS /Gy /fp:precise /Zc:wchar_t /Zc:forScope /Fo"Debug\\" /Fd"Debug\vc120.pdb" /Gd /TC /wd4996 /FI"D:\Work\code\opensource\audiotech\audacity-master\win\Projects\portmixer\\Debug\config.h" /analyze- /errorReport:prompt "..\..\..\lib-src\portmixer\src\px_mixer.c" "..\..\..\lib-src\portmixer\src\px_win_common.c" "..\..\..\lib-src\portmixer\src\px_win_ds.c" "..\..\..\lib-src\portmixer\src\px_win_endpoint.c" "..\..\..\lib-src\portmixer\src\px_win_wasapi.c" "..\..\..\lib-src\portmixer\src\px_win_wmme.c"
         px_mixer.c
         px_win_common.c
         px_win_ds.c
         px_win_endpoint.c
         px_win_wasapi.c
     1>d:\work\code\opensource\audiotech\audacity-master\lib-src\portmixer\src\px_win_wasapi.c(70): warning C4090: 'initializing' : different 'const' qualifiers
     1>d:\work\code\opensource\audiotech\audacity-master\lib-src\portmixer\src\px_win_wasapi.c(71): warning C4090: 'initializing' : different 'const' qualifiers
     1>d:\work\code\opensource\audiotech\audacity-master\lib-src\portmixer\src\px_win_wasapi.c(74): warning C4013: 'open_ep_mixers_byid' undefined; assuming extern returning int
         px_win_wmme.c
         Generating Code...
       Lib:
         C:\Program Files (x86)\Microsoft Visual Studio 12.0\VC\bin\Lib.exe /OUT:"D:\Work\code\opensource\audiotech\audacity-master\win\Debug\portmixer.lib" /NOLOGO Debug\px_mixer.obj
         Debug\px_win_common.obj
         Debug\px_win_ds.obj
         Debug\px_win_endpoint.obj
         Debug\px_win_wasapi.obj
         Debug\px_win_wmme.obj
         portmixer.vcxproj -> D:\Work\code\opensource\audiotech\audacity-master\win\Debug\portmixer.lib
       PostBuildEvent:
         rem
         rem With the upgrade to VS2013, this not longer really needed,
         rem but leaving here for possible future use
         rem
         
         setlocal EnableDelayedExpansion
         set BASE="../../../lib-src/portmixer"
         set INTDIR=Debug
         set CFLAGS=/Od /I "!BASE!/../portaudio-v19/include" /I "!BASE!/include" /D "WIN32" /D "_DEBUG" /D "_LIB" /D "PX_USE_WIN_MME" /D "_MBCS" /GF /FD /EHsc /RTC1 /MDd /Gy /Fo"!INTDIR!/" /Fd"!INTDIR!/" /W3 /nologo /c /ZI /wd4996 /FI "D:\Work\code\opensource\audiotech\audacity-master\win\Projects\portmixer\/Debug/config.h" /errorReport:prompt
         set LIBS=
         
         rem if "!DXSDK_DIR!"=="" goto NoDX
         
         rem cl !CFLAGS! /I "!DXSDK_DIR!/include" "!BASE!/src/px_win_ds.c"
         
         rem set LIBS="!DXSDK_DIR!/lib/x86/dxguid.lib"
         
         rem :NoDX
         
         lib /OUT:"D:\Work\code\opensource\audiotech\audacity-master\win\Debug\portmixer.lib" "Debug\*.obj" !LIBS!
         
         :VCEnd
         Microsoft (R) Library Manager Version 12.00.40629.0
         Copyright (C) Microsoft Corporation.  All rights reserved.
         
     1>Done Building Project "D:\Work\code\opensource\audiotech\audacity-master\win\Projects\portmixer\portmixer.vcxproj" (Build target(s)).

Build succeeded.

Time Elapsed 00:00:08.38
