Build started 4/8/2016 1:44:31 PM.
     1>Project "D:\Work\code\opensource\audiotech\audacity-master\win\Projects\portaudio-v19\portaudio-v19.vcxproj" on node 5 (Build target(s)).
     1>PreBuildEvent:
         echo on
         setlocal EnableDelayedExpansion
         set CFG="D:\Work\code\opensource\audiotech\audacity-master\win\Projects\portaudio-v19\/Debug\config.h"
         
         echo // Automatically generated file >!CFG!
         IF NOT "!ASIOSDK_DIR!" == "" echo #define PA_USE_ASIO 1 >>!CFG!
         IF NOT "!JACKSDK_DIR!" == "" echo #define PA_USE_JACK 1 >>!CFG!
         IF NOT "!JACKSDK_DIR!" == "" echo #define PA_DYNAMIC_JACK 1 >>!CFG!
         rem echo #define PA_USE_WDMKS 1 >>!CFG!
         echo #define PA_USE_WASAPI 1 >>!CFG!
         echo #define PA_USE_WMME 1 >>!CFG!
         echo #define PA_USE_DS 1 >>!CFG!
         
         :VCEnd
       ClCompile:
         C:\Program Files (x86)\Microsoft Visual Studio 12.0\VC\bin\CL.exe /c /I"..\..\..\lib-src\portaudio-v19\include" /I"..\..\..\lib-src\portaudio-v19\src\common" /I"..\..\..\lib-src\portaudio-v19\src\os\win" /ZI /nologo /W3 /WX- /Od /Oy- /D WIN32 /D _DEBUG /D _LIB /D _MBCS /GF /Gm- /EHsc /RTC1 /MDd /GS /Gy /fp:precise /Zc:wchar_t /Zc:forScope /Fo"Debug\\" /Fd"Debug\vc120.pdb" /Gd /TC /wd4996 /FI"D:\Work\code\opensource\audiotech\audacity-master\win\Projects\portaudio-v19\\Debug\config.h" /analyze- /errorReport:prompt "..\..\..\lib-src\portaudio-v19\src\common\pa_allocation.c" "..\..\..\lib-src\portaudio-v19\src\common\pa_converters.c" "..\..\..\lib-src\portaudio-v19\src\common\pa_cpuload.c" "..\..\..\lib-src\portaudio-v19\src\common\pa_debugprint.c" "..\..\..\lib-src\portaudio-v19\src\common\pa_dither.c" "..\..\..\lib-src\portaudio-v19\src\common\pa_dynload.c" "..\..\..\lib-src\portaudio-v19\src\common\pa_front.c" "..\..\..\lib-src\portaudio-v19\src\common\pa_process.c" "..\..\..\lib-src\portaudio-v19\src\common\pa_ringbuffer.c" "..\..\..\lib-src\portaudio-v19\src\common\pa_stream.c" "..\..\..\lib-src\portaudio-v19\src\common\pa_trace.c" "..\..\..\lib-src\portaudio-v19\src\hostapi\wmme\pa_win_wmme.c" "..\..\..\lib-src\portaudio-v19\src\hostapi\dsound\pa_win_ds.c" "..\..\..\lib-src\portaudio-v19\src\hostapi\dsound\pa_win_ds_dynlink.c" "..\..\..\lib-src\portaudio-v19\src\hostapi\wasapi\pa_win_wasapi.c" "..\..\..\lib-src\portaudio-v19\src\os\win\pa_win_coinitialize.c" "..\..\..\lib-src\portaudio-v19\src\os\win\pa_win_hostapis.c" "..\..\..\lib-src\portaudio-v19\src\os\win\pa_win_util.c" "..\..\..\lib-src\portaudio-v19\src\os\win\pa_win_waveformat.c" "..\..\..\lib-src\portaudio-v19\src\os\win\pa_win_wdmks_utils.c" "..\..\..\lib-src\portaudio-v19\src\os\win\pa_x86_plain_converters.c"
         pa_allocation.c
         pa_converters.c
         pa_cpuload.c
         pa_debugprint.c
         pa_dither.c
         pa_dynload.c
         pa_front.c
         pa_process.c
         pa_ringbuffer.c
         pa_stream.c
         pa_trace.c
         pa_win_wmme.c
         pa_win_ds.c
         pa_win_ds_dynlink.c
         pa_win_wasapi.c
     1>d:\work\code\opensource\audiotech\audacity-master\lib-src\portaudio-v19\src\hostapi\wasapi\pa_win_wasapi.c(1540): warning C4101: 'deviceNameLen' : unreferenced local variable
         pa_win_coinitialize.c
         pa_win_hostapis.c
         pa_win_util.c
         pa_win_waveformat.c
         pa_win_wdmks_utils.c
         Generating Code...
         Compiling...
         pa_x86_plain_converters.c
         Generating Code...
       Lib:
         C:\Program Files (x86)\Microsoft Visual Studio 12.0\VC\bin\Lib.exe /OUT:"D:\Work\code\opensource\audiotech\audacity-master\win\Debug\portaudio-v19.lib" /NOLOGO Debug\pa_allocation.obj
         Debug\pa_converters.obj
         Debug\pa_cpuload.obj
         Debug\pa_debugprint.obj
         Debug\pa_dither.obj
         Debug\pa_dynload.obj
         Debug\pa_front.obj
         Debug\pa_process.obj
         Debug\pa_ringbuffer.obj
         Debug\pa_stream.obj
         Debug\pa_trace.obj
         Debug\pa_win_wmme.obj
         Debug\pa_win_ds.obj
         Debug\pa_win_ds_dynlink.obj
         Debug\pa_win_wasapi.obj
         Debug\pa_win_coinitialize.obj
         Debug\pa_win_hostapis.obj
         Debug\pa_win_util.obj
         Debug\pa_win_waveformat.obj
         Debug\pa_win_wdmks_utils.obj
         Debug\pa_x86_plain_converters.obj
         portaudio-v19.vcxproj -> D:\Work\code\opensource\audiotech\audacity-master\win\Debug\portaudio-v19.lib
       PostBuildEvent:
         echo on
         setlocal EnableDelayedExpansion
         set BASE=../../../lib-src/portaudio-v19
         set CFG=D:\Work\code\opensource\audiotech\audacity-master\win\Projects\portaudio-v19\Debug\config.h
         set INTDIR=Debug
         set CFLAGS=/Od /I "!BASE!/include" /I "!BASE!/src/common" /I "!BASE!/src/os/win" /D "WIN32" /D "_DEBUG" /D "_LIB" /D "_MBCS" /GF /FD /EHsc /RTC1 /MDd /Gy /W3 /nologo /c /ZI /wd4996 /Fo"!INTDIR!/" /FI "!CFG!" /errorReport:prompt
         set LIBS=
         
         find "PA_USE_WASAPI 1" "!CFG!"
         IF ERRORLEVEL 1 goto NoWASAPI
         
         cl !CFLAGS! "!BASE!/src/hostapi/wasapi/pa_win_wasapi.c"
         
         :NoWASAPI
         
         find "PA_USE_WDMKS 1" "!CFG!"
         IF ERRORLEVEL 1 goto NoWDMKS
         
         cl !CFLAGS! "!BASE!/src/hostapi/wdmks/pa_win_wdmks.c"
         
         :NoWDMKS
         
         find "PA_USE_ASIO 1" "!CFG!"
         IF ERRORLEVEL 1 goto NoASIO
         
         cl !CFLAGS! /I "!ASIOSDK_DIR!/common" /I "!ASIOSDK_DIR!/host" /I "!ASIOSDK_DIR!/host/pc" "!BASE!/src/hostapi/asio/pa_asio.cpp"
         cl !CFLAGS! /I "!ASIOSDK_DIR!/common" /I "!ASIOSDK_DIR!/host" /I "!ASIOSDK_DIR!/host/pc" "!BASE!/src/hostapi/asio/iasiothiscallresolver.cpp"
         cl !CFLAGS! /I "!ASIOSDK_DIR!/common" /I "!ASIOSDK_DIR!/host" /I "!ASIOSDK_DIR!/host/pc" "!ASIOSDK_DIR!/common/asio.cpp"
         cl !CFLAGS! /I "!ASIOSDK_DIR!/common" /I "!ASIOSDK_DIR!/host" /I "!ASIOSDK_DIR!/host/pc" "!ASIOSDK_DIR!/host/asiodrivers.cpp"
         cl !CFLAGS! /I "!ASIOSDK_DIR!/common" /I "!ASIOSDK_DIR!/host" /I "!ASIOSDK_DIR!/host/pc" "!ASIOSDK_DIR!/host/pc/asiolist.cpp"
         
         :NoASIO
         
         find "PA_USE_JACK 1" "!CFG!" >NUL
         IF ERRORLEVEL 1 goto NoJACK
         
         cl !CFLAGS! /I "!JACKSDK_DIR!/includes" "!BASE!/src/hostapi/jack/pa_jack.c"
         cl !CFLAGS! /I "!JACKSDK_DIR!/includes" "!BASE!/src/hostapi/jack/pa_jack_dynload.c"
         
         :NoJACK
         
         lib /OUT:"D:\Work\code\opensource\audiotech\audacity-master\win\Debug\portaudio-v19.lib" "!INTDIR!/*.obj" !LIBS!
         
         :VCEnd
         
         ---------- D:\WORK\CODE\OPENSOURCE\AUDIOTECH\AUDACITY-MASTER\WIN\PROJECTS\PORTAUDIO-V19\DEBUG\CONFIG.H
         #define PA_USE_WASAPI 1 
         pa_win_wasapi.c
     1>d:\work\code\opensource\audiotech\audacity-master\lib-src\portaudio-v19\src\hostapi\wasapi\pa_win_wasapi.c(1540): warning C4101: 'deviceNameLen' : unreferenced local variable
         
         ---------- D:\WORK\CODE\OPENSOURCE\AUDIOTECH\AUDACITY-MASTER\WIN\PROJECTS\PORTAUDIO-V19\DEBUG\CONFIG.H
         
         ---------- D:\WORK\CODE\OPENSOURCE\AUDIOTECH\AUDACITY-MASTER\WIN\PROJECTS\PORTAUDIO-V19\DEBUG\CONFIG.H
         Microsoft (R) Library Manager Version 12.00.40629.0
         Copyright (C) Microsoft Corporation.  All rights reserved.
         
     1>Done Building Project "D:\Work\code\opensource\audiotech\audacity-master\win\Projects\portaudio-v19\portaudio-v19.vcxproj" (Build target(s)).

Build succeeded.

Time Elapsed 00:00:19.79
