d:\work\code\opensource\audiotech\portaudio\build\pa_fuzz\debug\pa_fuzz.pch
d:\work\code\opensource\audiotech\portaudio\build\pa_fuzz\debug\vc120.pdb
d:\work\code\opensource\audiotech\portaudio\build\pa_fuzz\debug\vc120.idb
d:\work\code\opensource\audiotech\portaudio\build\pa_fuzz\debug\stdafx.obj
d:\work\code\opensource\audiotech\portaudio\build\pa_fuzz\debug\pa_fuzz.obj
d:\work\code\opensource\audiotech\portaudio\build\msvc\debug\pa_fuzz.ilk
d:\work\code\opensource\audiotech\portaudio\build\msvc\debug\pa_fuzz.exe
d:\work\code\opensource\audiotech\portaudio\build\msvc\debug\pa_fuzz.pdb
d:\work\code\opensource\audiotech\portaudio\build\msvc\win32\debug\pa_fuzz.ilk
d:\work\code\opensource\audiotech\portaudio\build\msvc\win32\debug\pa_fuzz.exe
d:\work\code\opensource\audiotech\portaudio\build\msvc\win32\debug\pa_fuzz.pdb
d:\work\code\opensource\audiotech\portaudio\build\msvc\\win32\debug\pa_fuzz.pdb
d:\work\code\opensource\audiotech\portaudio\build\msvc\\win32\debug\pa_fuzz.exe
d:\work\code\opensource\audiotech\portaudio\build\msvc\\win32\debug\pa_fuzz.ilk
d:\work\code\opensource\audiotech\portaudio\build\pa_fuzz\debug\pa_fuzz.tlog\cl.command.1.tlog
d:\work\code\opensource\audiotech\portaudio\build\pa_fuzz\debug\pa_fuzz.tlog\cl.read.1.tlog
d:\work\code\opensource\audiotech\portaudio\build\pa_fuzz\debug\pa_fuzz.tlog\cl.write.1.tlog
d:\work\code\opensource\audiotech\portaudio\build\pa_fuzz\debug\pa_fuzz.tlog\link.command.1.tlog
d:\work\code\opensource\audiotech\portaudio\build\pa_fuzz\debug\pa_fuzz.tlog\link.read.1.tlog
d:\work\code\opensource\audiotech\portaudio\build\pa_fuzz\debug\pa_fuzz.tlog\link.write.1.tlog
